Using pre-set license
Built from '2020.3/staging' branch; Version is '2020.3.0f1 (c7b5465681fb) revision 13088070'; Using compiler version '192528614'; Build Type 'Release'
OS: 'Windows 10 Home Single Language; OS build 22000.318; Version 2009; 64bit' Language: 'en' Physical Memory: 7885 MB
BatchMode: 1, IsHumanControllingUs: 0, StartBugReporterOnCrash: 0, Is64bit: 1, IsPro: 0

 COMMAND LINE ARGUMENTS:
C:\Program Files\Unity\Editor\Unity.exe
-adb2
-batchMode
-noUpm
-name
AssetImportWorker0
-projectPath
C:/Users/user/OneDrive/Documents/GitHub/MegTheSweep/MegThe-Sweeper
-logFile
Logs/AssetImportWorker0.log
-srvPort
60276
Successfully changed project path to: C:/Users/user/OneDrive/Documents/GitHub/MegTheSweep/MegThe-Sweeper
C:/Users/user/OneDrive/Documents/GitHub/MegTheSweep/MegThe-Sweeper
Using Asset Import Pipeline V2.
Refreshing native plugins compatible for Editor in 52.05 ms, found 1 plugins.
Preloading 0 native plugins for Editor in 0.00 ms.
Initialize engine version: 2020.3.0f1 (c7b5465681fb)
[Subsystems] Discovering subsystems at path C:/Program Files/Unity/Editor/Data/Resources/UnitySubsystems
[Subsystems] Discovering subsystems at path C:/Users/user/OneDrive/Documents/GitHub/MegTheSweep/MegThe-Sweeper/Assets
GfxDevice: creating device client; threaded=0
Direct3D:
    Version:  Direct3D 11.0 [level 11.1]
    Renderer: Intel(R) Iris(R) Xe Graphics (ID=0x9a49)
    Vendor:   
    VRAM:     3942 MB
    Driver:   30.0.100.9686
Initialize mono
Mono path[0] = 'C:/Program Files/Unity/Editor/Data/Managed'
Mono path[1] = 'C:/Program Files/Unity/Editor/Data/MonoBleedingEdge/lib/mono/unityjit'
Mono config path = 'C:/Program Files/Unity/Editor/Data/MonoBleedingEdge/etc'
Using monoOptions --debugger-agent=transport=dt_socket,embedding=1,server=y,suspend=n,address=127.0.0.1:56908
Begin MonoManager ReloadAssembly
Registering precompiled unity dll's ...
Register platform support module: C:/Program Files/Unity/Editor/Data/PlaybackEngines/WindowsStandaloneSupport/UnityEditor.WindowsStandalone.Extensions.dll
Registered in 0.005837 seconds.
Native extension for WindowsStandalone target not found
Refreshing native plugins compatible for Editor in 54.49 ms, found 1 plugins.
Preloading 0 native plugins for Editor in 0.00 ms.
Invoked RoslynAnalysisRunner static constructor.
RoslynAnalysisRunner will not be running.
RoslynAnalysisRunner has terminated.
Mono: successfully reloaded assembly
- Completed reload, in  2.698 seconds
Platform modules already initialized, skipping
Registering precompiled user dll's ...
Registered in 0.003570 seconds.
Begin MonoManager ReloadAssembly
Native extension for WindowsStandalone target not found
Refreshing native plugins compatible for Editor in 36.03 ms, found 1 plugins.
Preloading 0 native plugins for Editor in 0.00 ms.
Invoked RoslynAnalysisRunner static constructor.
RoslynAnalysisRunner will not be running.
RoslynAnalysisRunner has terminated.
Mono: successfully reloaded assembly
- Completed reload, in  1.269 seconds
Platform modules already initialized, skipping
========================================================================
Worker process is ready to serve import requests
Launched and connected shader compiler UnityShaderCompiler.exe after 0.08 seconds
Refreshing native plugins compatible for Editor in 1.69 ms, found 1 plugins.
Preloading 0 native plugins for Editor in 0.00 ms.
Unloading 1833 Unused Serialized files (Serialized files now loaded: 0)
System memory in use before: 86.8 MB.
System memory in use after: 86.8 MB.

Unloading 24 unused Assets to reduce memory usage. Loaded Objects now: 2277.
Total: 4.359200 ms (FindLiveObjects: 0.367100 ms CreateObjectMapping: 0.153600 ms MarkObjects: 3.540700 ms  DeleteObjects: 0.294800 ms)

========================================================================
Received Import Request.
  path: Assets/Script/ScoreController.cs
  artifactKey: Guid(0213a92717c57cc459da4c1080fa307f) Importer(815301076,1909f56bfc062723c751e8b465ee728b)
Start importing Assets/Script/ScoreController.cs using Guid(0213a92717c57cc459da4c1080fa307f) Importer(815301076,1909f56bfc062723c751e8b465ee728b)  -> (artifact id: '7dd2faccac11fa1add9b6801a57a36ee') in 0.032365 seconds
  Import took 0.040659 seconds .

========================================================================
Received Prepare
Registering precompiled user dll's ...
Registered in 0.005840 seconds.
Begin MonoManager ReloadAssembly
Native extension for WindowsStandalone target not found
Refreshing native plugins compatible for Editor in 0.71 ms, found 1 plugins.
Preloading 0 native plugins for Editor in 0.00 ms.
Invoked RoslynAnalysisRunner static constructor.
RoslynAnalysisRunner will not be running.
RoslynAnalysisRunner has terminated.
Mono: successfully reloaded assembly
- Completed reload, in  2.150 seconds
Platform modules already initialized, skipping
Refreshing native plugins compatible for Editor in 0.79 ms, found 1 plugins.
Preloading 0 native plugins for Editor in 0.00 ms.
Unloading 1815 Unused Serialized files (Serialized files now loaded: 0)
System memory in use before: 85.8 MB.
System memory in use after: 85.8 MB.

Unloading 12 unused Assets to reduce memory usage. Loaded Objects now: 2281.
Total: 3.409100 ms (FindLiveObjects: 0.369600 ms CreateObjectMapping: 0.150600 ms MarkObjects: 2.695100 ms  DeleteObjects: 0.191400 ms)

========================================================================
Received Import Request.
  Time since last request: 219.723900 seconds.
  path: Assets/background/image 6.png
  artifactKey: Guid(2a96409c42db9f345bc7344ab974cc0d) Importer(815301076,1909f56bfc062723c751e8b465ee728b)
Start importing Assets/background/image 6.png using Guid(2a96409c42db9f345bc7344ab974cc0d) Importer(815301076,1909f56bfc062723c751e8b465ee728b)  -> (artifact id: '86e429e3c88e37bed195a1e654eadc44') in 0.316165 seconds
  Import took 0.322657 seconds .

========================================================================
Received Import Request.
  Time since last request: 6.333823 seconds.
  path: Assets/background/image 5.png
  artifactKey: Guid(99dc22d3733155c46a773255a0b23d8c) Importer(815301076,1909f56bfc062723c751e8b465ee728b)
Start importing Assets/background/image 5.png using Guid(99dc22d3733155c46a773255a0b23d8c) Importer(815301076,1909f56bfc062723c751e8b465ee728b)  -> (artifact id: '38c28ebab466f4893813e6265c100cbd') in 0.015319 seconds
  Import took 0.021147 seconds .

========================================================================
Received Prepare
Registering precompiled user dll's ...
Registered in 0.001308 seconds.
Begin MonoManager ReloadAssembly
Native extension for WindowsStandalone target not found
Refreshing native plugins compatible for Editor in 0.52 ms, found 1 plugins.
Preloading 0 native plugins for Editor in 0.00 ms.
Invoked RoslynAnalysisRunner static constructor.
RoslynAnalysisRunner will not be running.
RoslynAnalysisRunner has terminated.
Mono: successfully reloaded assembly
- Completed reload, in  1.039 seconds
Platform modules already initialized, skipping
Refreshing native plugins compatible for Editor in 0.35 ms, found 1 plugins.
Preloading 0 native plugins for Editor in 0.00 ms.
Unloading 1815 Unused Serialized files (Serialized files now loaded: 0)
System memory in use before: 88.9 MB.
System memory in use after: 88.9 MB.

Unloading 12 unused Assets to reduce memory usage. Loaded Objects now: 2291.
Total: 4.530300 ms (FindLiveObjects: 0.580600 ms CreateObjectMapping: 0.285200 ms MarkObjects: 3.420500 ms  DeleteObjects: 0.241800 ms)

========================================================================
Received Import Request.
  Time since last request: 186.562651 seconds.
  path: Assets/Scenes/Level 3.unity
  artifactKey: Guid(d8301d00c45db094f96e6e7b5106998a) Importer(815301076,1909f56bfc062723c751e8b465ee728b)
Start importing Assets/Scenes/Level 3.unity using Guid(d8301d00c45db094f96e6e7b5106998a) Importer(815301076,1909f56bfc062723c751e8b465ee728b)  -> (artifact id: '7ba5b9f9efa5ddc8e1f78669c9f773e6') in 0.018540 seconds
  Import took 0.024481 seconds .

========================================================================
Received Prepare
Registering precompiled user dll's ...
Registered in 0.001235 seconds.
Begin MonoManager ReloadAssembly
Native extension for WindowsStandalone target not found
Refreshing native plugins compatible for Editor in 0.37 ms, found 1 plugins.
Preloading 0 native plugins for Editor in 0.00 ms.
Invoked RoslynAnalysisRunner static constructor.
RoslynAnalysisRunner will not be running.
RoslynAnalysisRunner has terminated.
Mono: successfully reloaded assembly
- Completed reload, in  0.848 seconds
Platform modules already initialized, skipping
Refreshing native plugins compatible for Editor in 0.35 ms, found 1 plugins.
Preloading 0 native plugins for Editor in 0.00 ms.
Unloading 1815 Unused Serialized files (Serialized files now loaded: 0)
System memory in use before: 88.9 MB.
System memory in use after: 88.9 MB.

Unloading 12 unused Assets to reduce memory usage. Loaded Objects now: 2295.
Total: 2.443500 ms (FindLiveObjects: 0.234100 ms CreateObjectMapping: 0.108200 ms MarkObjects: 1.961900 ms  DeleteObjects: 0.137400 ms)

========================================================================
Received Prepare
Registering precompiled user dll's ...
Registered in 0.001176 seconds.
Begin MonoManager ReloadAssembly
Native extension for WindowsStandalone target not found
Refreshing native plugins compatible for Editor in 0.37 ms, found 1 plugins.
Preloading 0 native plugins for Editor in 0.00 ms.
Invoked RoslynAnalysisRunner static constructor.
RoslynAnalysisRunner will not be running.
RoslynAnalysisRunner has terminated.
Mono: successfully reloaded assembly
- Completed reload, in  0.883 seconds
Platform modules already initialized, skipping
Refreshing native plugins compatible for Editor in 0.37 ms, found 1 plugins.
Preloading 0 native plugins for Editor in 0.00 ms.
Unloading 1815 Unused Serialized files (Serialized files now loaded: 0)
System memory in use before: 88.9 MB.
System memory in use after: 88.9 MB.

Unloading 12 unused Assets to reduce memory usage. Loaded Objects now: 2299.
Total: 3.301800 ms (FindLiveObjects: 0.341500 ms CreateObjectMapping: 0.109600 ms MarkObjects: 2.598600 ms  DeleteObjects: 0.250000 ms)

========================================================================
Received Prepare
Registering precompiled user dll's ...
Registered in 0.003599 seconds.
Begin MonoManager ReloadAssembly
Native extension for WindowsStandalone target not found
Refreshing native plugins compatible for Editor in 0.47 ms, found 1 plugins.
Preloading 0 native plugins for Editor in 0.00 ms.
Invoked RoslynAnalysisRunner static constructor.
RoslynAnalysisRunner will not be running.
RoslynAnalysisRunner has terminated.
Mono: successfully reloaded assembly
- Completed reload, in  1.238 seconds
Platform modules already initialized, skipping
Refreshing native plugins compatible for Editor in 0.76 ms, found 1 plugins.
Preloading 0 native plugins for Editor in 0.00 ms.
Unloading 1815 Unused Serialized files (Serialized files now loaded: 0)
System memory in use before: 89.0 MB.
System memory in use after: 88.9 MB.

Unloading 12 unused Assets to reduce memory usage. Loaded Objects now: 2303.
Total: 4.410700 ms (FindLiveObjects: 0.434700 ms CreateObjectMapping: 0.185800 ms MarkObjects: 3.511600 ms  DeleteObjects: 0.275800 ms)

========================================================================
Received Import Request.
  Time since last request: 291.240496 seconds.
  path: Assets/Scenes/Level 2.unity
  artifactKey: Guid(f84d2d941d9bba44195e79812f24ee5e) Importer(815301076,1909f56bfc062723c751e8b465ee728b)
Start importing Assets/Scenes/Level 2.unity using Guid(f84d2d941d9bba44195e79812f24ee5e) Importer(815301076,1909f56bfc062723c751e8b465ee728b)  -> (artifact id: 'ca742186e408ffc9c28270cf13cbada6') in 0.021050 seconds
  Import took 0.028090 seconds .

